Parser Characterization Report:
Number of states on ingress: 1

Number of matches on ingress: 1

Longest path (1 states) on ingress:
    $entry_point.start

Timing is met for min-sized packet (73 B) running at 100 Gbps

Extractor usage:
+--------------------+-------+-------+--------+--------+------------------+-------+
|State               |Match  |8-bit  |16-bit  |32-bit  |Total Extractors  |Other  |
+--------------------+-------+-------+--------+--------+------------------+-------+
|$entry_point.start  |*      |1      |1       |3       |5                 |       |
+--------------------+-------+-------+--------+--------+------------------+-------+
Number of states on egress: 1

Number of matches on egress: 1

Longest path (1 states) on egress:
    $entry_point.start

Timing is met for min-sized packet (73 B) running at 100 Gbps

Extractor usage:
+--------------------+-------+-------+--------+--------+------------------+-------+
|State               |Match  |8-bit  |16-bit  |32-bit  |Total Extractors  |Other  |
+--------------------+-------+-------+--------+--------+------------------+-------+
|$entry_point.start  |*      |0      |1       |0       |1                 |       |
+--------------------+-------+-------+--------+--------+------------------+-------+
