--- BEGIN PHV ALLOCATION ----------------------------------------------------
There are 336 containers.
Ingress only: 48
Egress  only: 48


PHV ALLOCATION SUCCESSFUL
PHV Allocation
+-----------+-------+-----------------+----------------------------------------------+
|Container  |Gress  |Container Slice  |Field Slice                                   |
+-----------+-------+-----------------+----------------------------------------------+
|B0         |I-HW   |[0:2]            |ingress::ig_intr_md_for_dprsr.drop_ctl        |
|           |       |                 |                                              |
|B1         |I-HW   |[0]              |ingress::hdr.ethernet.$valid                  |
|           |       |                 |                                              |
|...        |       |                 |                                              |
|           |       |                 |                                              |
|H0         |I-HW   |[0:8]            |ingress::ig_intr_md_for_tm.ucast_egress_port  |
|           |       |                 |                                              |
|H1         |I-HW   |                 |ingress::hdr.ethernet.dst_addr[0:15]          |
|           |       |                 |                                              |
|...        |       |                 |                                              |
|           |       |                 |                                              |
|H16        |E-HW   |[0:8]            |egress::eg_intr_md.egress_port                |
|           |       |                 |                                              |
|...        |       |                 |                                              |
|           |       |                 |                                              |
|W0         |I-HW   |                 |ingress::hdr.ethernet.dst_addr[16:47]         |
|           |       |                 |                                              |
|...        |       |                 |                                              |
|           |       |                 |                                              |
|TW0        |I      |[0:15]           |ingress::hdr.ethernet.ether_type              |
|           |       |[16:31]          |ingress::hdr.ethernet.src_addr[0:15]          |
|           |       |                 |                                              |
|...        |       |                 |                                              |
|           |       |                 |                                              |
|TW1        |I      |                 |ingress::hdr.ethernet.src_addr[16:47]         |
|           |       |                 |                                              |
|...        |       |                 |                                              |
|           |       |                 |                                              |
+-----------+-------+-----------------+----------------------------------------------+


POV Allocation (ingress):
+-----------+-----------------+------------------------------+
|Container  |Container Slice  |Field Slice                   |
+-----------+-----------------+------------------------------+
|B1         |[0]              |ingress::hdr.ethernet.$valid  |
+-----------+-----------------+------------------------------+
|           |Total Bits Used  |1 / 256 ( 0.391%)             |
|           |Pack Density     |1 / 8 ( 12.5 %)               |
+-----------+-----------------+------------------------------+

+----------------------------------------------+-----------+----------------+-----------------+
|Field Slice                                   |Container  |Container Type  |Container Slice  |
+----------------------------------------------+-----------+----------------+-----------------+
|ingress::hdr.ethernet.dst_addr[0:15]          |H1         |H               |                 |
|ingress::hdr.ethernet.dst_addr[16:47]         |W0         |W               |                 |
|ingress::hdr.ethernet.src_addr[0:15]          |TW0        |TW              |[16:31]          |
|ingress::hdr.ethernet.src_addr[16:47]         |TW1        |TW              |                 |
|ingress::hdr.ethernet.ether_type              |TW0        |TW              |[0:15]           |
|ingress::ig_intr_md_for_tm.ucast_egress_port  |H0         |H               |[0:8]            |
|ingress::ig_intr_md_for_dprsr.drop_ctl        |B0         |B               |[0:2]            |
|egress::eg_intr_md.egress_port                |H16        |H               |[0:8]            |
|ingress::hdr.ethernet.$valid                  |B1         |B               |[0]              |
+----------------------------------------------+-----------+----------------+-----------------+





PHV Allocation State

MAU Groups:
+-------------------+-------+-----------------+--------------+----------------+----------------+
|     MAU Group     | Gress | Containers Used |  Bits Used   | Bits Allocated | Available Bits |
+-------------------+-------+-----------------+--------------+----------------+----------------+
|       B0-15       |   I   |   2 ( 12.5 %)   | 4 ( 3.12 %)  |  4 ( 3.12 %)   |      128       |
|      B16-31       |       |   0 (   0  %)   | 0 (   0  %)  |  0 (   0  %)   |      128       |
|      B32-47       |       |   0 (   0  %)   | 0 (   0  %)  |  0 (   0  %)   |      128       |
|      B48-63       |       |   0 (   0  %)   | 0 (   0  %)  |  0 (   0  %)   |      128       |
+-------------------+-------+-----------------+--------------+----------------+----------------+
|       H0-15       |   I   |   2 ( 12.5 %)   | 25 ( 9.77 %) |  25 ( 9.77 %)  |      256       |
|      H16-31       |   E   |   1 ( 6.25 %)   | 9 ( 3.52 %)  |  9 ( 3.52 %)   |      256       |
|      H32-47       |       |   0 (   0  %)   | 0 (   0  %)  |  0 (   0  %)   |      256       |
|      H48-63       |       |   0 (   0  %)   | 0 (   0  %)  |  0 (   0  %)   |      256       |
|      H64-79       |       |   0 (   0  %)   | 0 (   0  %)  |  0 (   0  %)   |      256       |
|      H80-95       |       |   0 (   0  %)   | 0 (   0  %)  |  0 (   0  %)   |      256       |
+-------------------+-------+-----------------+--------------+----------------+----------------+
|       W0-15       |   I   |   1 ( 6.25 %)   | 32 ( 6.25 %) |  32 ( 6.25 %)  |      512       |
|      W16-31       |       |   0 (   0  %)   | 0 (   0  %)  |  0 (   0  %)   |      512       |
|      W32-47       |       |   0 (   0  %)   | 0 (   0  %)  |  0 (   0  %)   |      512       |
|      W48-63       |       |   0 (   0  %)   | 0 (   0  %)  |  0 (   0  %)   |      512       |
+-------------------+-------+-----------------+--------------+----------------+----------------+
|   Usage for 8b    |       |   2 ( 3.12 %)   | 4 ( 0.781%)  |  4 ( 0.781%)   |      512       |
|   Usage for 16b   |       |   3 ( 3.12 %)   | 34 ( 2.21 %) |  34 ( 2.21 %)  |      1536      |
|   Usage for 32b   |       |   1 ( 1.56 %)   | 32 ( 1.56 %) |  32 ( 1.56 %)  |      2048      |
+-------------------+-------+-----------------+--------------+----------------+----------------+
| Overall PHV Usage |       |   6 ( 2.68 %)   | 70 ( 1.71 %) |  70 ( 1.71 %)  |      4096      |
+-------------------+-------+-----------------+--------------+----------------+----------------+


Tagalong Collections:
+------------+-------+--------------------+---------------------+---------------------+--------------+----------------+
|  Collection|  Gress|  8b Containers Used|  16b Containers Used|  32b Containers Used|     Bits Used|  Bits Allocated|
+------------+-------+--------------------+---------------------+---------------------+--------------+----------------+
|           0|      I|         0 (   0  %)|          0 (   0  %)|          2 (  50  %)|  64 (  25  %)|    64 (  25  %)|
|           1|       |         0 (   0  %)|          0 (   0  %)|          0 (   0  %)|   0 (   0  %)|     0 (   0  %)|
|           2|       |         0 (   0  %)|          0 (   0  %)|          0 (   0  %)|   0 (   0  %)|     0 (   0  %)|
|           3|       |         0 (   0  %)|          0 (   0  %)|          0 (   0  %)|   0 (   0  %)|     0 (   0  %)|
|           4|       |         0 (   0  %)|          0 (   0  %)|          0 (   0  %)|   0 (   0  %)|     0 (   0  %)|
|           5|       |         0 (   0  %)|          0 (   0  %)|          0 (   0  %)|   0 (   0  %)|     0 (   0  %)|
|           6|       |         0 (   0  %)|          0 (   0  %)|          0 (   0  %)|   0 (   0  %)|     0 (   0  %)|
|           7|       |         0 (   0  %)|          0 (   0  %)|          0 (   0  %)|   0 (   0  %)|     0 (   0  %)|
+------------+-------+--------------------+---------------------+---------------------+--------------+----------------+
|       Total|       |         0 (   0  %)|          0 (   0  %)|          2 ( 6.25 %)|  64 ( 3.12 %)|    64 ( 3.12 %)|
+------------+-------+--------------------+---------------------+---------------------+--------------+----------------+



